This is pdfTeX, Version 3.1415926-1.40.11 (TeX Live 2010) (format=pdflatex 2011.1.29)  23 MAR 2011 18:50
entering extended mode
 restricted \write18 enabled.
 file:line:error style messages enabled.
 %&-line parsing enabled.
**book.tex
(./book.tex
LaTeX2e <2009/09/24>
Babel <v3.8l> and hyphenation patterns for english, dumylang, nohyphenation, ge
rman-x-2009-06-19, ngerman-x-2009-06-19, ancientgreek, ibycus, arabic, armenian
, basque, bulgarian, catalan, pinyin, coptic, croatian, czech, danish, dutch, u
kenglish, usenglishmax, esperanto, estonian, farsi, finnish, french, galician, 
german, ngerman, swissgerman, monogreek, greek, hungarian, icelandic, assamese,
 bengali, gujarati, hindi, kannada, malayalam, marathi, oriya, panjabi, tamil, 
telugu, indonesian, interlingua, irish, italian, kurmanji, lao, latin, latvian,
 lithuanian, mongolian, mongolianlmc, bokmal, nynorsk, polish, portuguese, roma
nian, russian, sanskrit, serbian, slovak, slovenian, spanish, swedish, turkish,
 turkmen, ukrainian, uppersorbian, welsh, loaded.
(/usr/local/texlive/2010/texmf-dist/tex/latex/base/book.cls
Document Class: book 2007/10/19 v1.4h Standard LaTeX document class
(/usr/local/texlive/2010/texmf-dist/tex/latex/base/bk11.clo
File: bk11.clo 2007/10/19 v1.4h Standard LaTeX file (size option)
)
\c@part=\count79
\c@chapter=\count80
\c@section=\count81
\c@subsection=\count82
\c@subsubsection=\count83
\c@paragraph=\count84
\c@subparagraph=\count85
\c@figure=\count86
\c@table=\count87
\abovecaptionskip=\skip41
\belowcaptionskip=\skip42
\bibindent=\dimen102
)
(/usr/local/texlive/2010/texmf-dist/tex/generic/babel/babel.sty
Package: babel 2008/07/06 v3.8l The Babel package

(/usr/local/texlive/2010/texmf-dist/tex/generic/babel/spanish.ldf
Language: spanish.ldf 2009/01/02 v5.0h Spanish support from the babel system

(/usr/local/texlive/2010/texmf-dist/tex/generic/babel/babel.def
File: babel.def 2008/07/06 v3.8l Babel common definitions
\babel@savecnt=\count88
\U@D=\dimen103
)
\es@datefmt=\count89
\es@quottoks=\toks14
\es@quotdepth=\count90
Package babel Info: Making " an active character on input line 492.
Package babel Info: Making . an active character on input line 585.
Package babel Info: Making < an active character on input line 630.
Package babel Info: Making > an active character on input line 630.
))
(/usr/local/texlive/2010/texmf-dist/tex/latex/base/inputenc.sty
Package: inputenc 2008/03/30 v1.1d Input encoding file
\inpenc@prehook=\toks15
\inpenc@posthook=\toks16

(/usr/local/texlive/2010/texmf-dist/tex/latex/base/utf8.def
File: utf8.def 2008/04/05 v1.1m UTF-8 support for inputenc
Now handling font encoding OML ...
... no UTF-8 mapping file for font encoding OML
Now handling font encoding T1 ...
... processing UTF-8 mapping file for font encoding T1

(/usr/local/texlive/2010/texmf-dist/tex/latex/base/t1enc.dfu
File: t1enc.dfu 2008/04/05 v1.1m UTF-8 support for inputenc
   defining Unicode char U+00A1 (decimal 161)
   defining Unicode char U+00A3 (decimal 163)
   defining Unicode char U+00AB (decimal 171)
   defining Unicode char U+00BB (decimal 187)
   defining Unicode char U+00BF (decimal 191)
   defining Unicode char U+00C0 (decimal 192)
   defining Unicode char U+00C1 (decimal 193)
   defining Unicode char U+00C2 (decimal 194)
   defining Unicode char U+00C3 (decimal 195)
   defining Unicode char U+00C4 (decimal 196)
   defining Unicode char U+00C5 (decimal 197)
   defining Unicode char U+00C6 (decimal 198)
   defining Unicode char U+00C7 (decimal 199)
   defining Unicode char U+00C8 (decimal 200)
   defining Unicode char U+00C9 (decimal 201)
   defining Unicode char U+00CA (decimal 202)
   defining Unicode char U+00CB (decimal 203)
   defining Unicode char U+00CC (decimal 204)
   defining Unicode char U+00CD (decimal 205)
   defining Unicode char U+00CE (decimal 206)
   defining Unicode char U+00CF (decimal 207)
   defining Unicode char U+00D0 (decimal 208)
   defining Unicode char U+00D1 (decimal 209)
   defining Unicode char U+00D2 (decimal 210)
   defining Unicode char U+00D3 (decimal 211)
   defining Unicode char U+00D4 (decimal 212)
   defining Unicode char U+00D5 (decimal 213)
   defining Unicode char U+00D6 (decimal 214)
   defining Unicode char U+00D8 (decimal 216)
   defining Unicode char U+00D9 (decimal 217)
   defining Unicode char U+00DA (decimal 218)
   defining Unicode char U+00DB (decimal 219)
   defining Unicode char U+00DC (decimal 220)
   defining Unicode char U+00DD (decimal 221)
   defining Unicode char U+00DE (decimal 222)
   defining Unicode char U+00DF (decimal 223)
   defining Unicode char U+00E0 (decimal 224)
   defining Unicode char U+00E1 (decimal 225)
   defining Unicode char U+00E2 (decimal 226)
   defining Unicode char U+00E3 (decimal 227)
   defining Unicode char U+00E4 (decimal 228)
   defining Unicode char U+00E5 (decimal 229)
   defining Unicode char U+00E6 (decimal 230)
   defining Unicode char U+00E7 (decimal 231)
   defining Unicode char U+00E8 (decimal 232)
   defining Unicode char U+00E9 (decimal 233)
   defining Unicode char U+00EA (decimal 234)
   defining Unicode char U+00EB (decimal 235)
   defining Unicode char U+00EC (decimal 236)
   defining Unicode char U+00ED (decimal 237)
   defining Unicode char U+00EE (decimal 238)
   defining Unicode char U+00EF (decimal 239)
   defining Unicode char U+00F0 (decimal 240)
   defining Unicode char U+00F1 (decimal 241)
   defining Unicode char U+00F2 (decimal 242)
   defining Unicode char U+00F3 (decimal 243)
   defining Unicode char U+00F4 (decimal 244)
   defining Unicode char U+00F5 (decimal 245)
   defining Unicode char U+00F6 (decimal 246)
   defining Unicode char U+00F8 (decimal 248)
   defining Unicode char U+00F9 (decimal 249)
   defining Unicode char U+00FA (decimal 250)
   defining Unicode char U+00FB (decimal 251)
   defining Unicode char U+00FC (decimal 252)
   defining Unicode char U+00FD (decimal 253)
   defining Unicode char U+00FE (decimal 254)
   defining Unicode char U+00FF (decimal 255)
   defining Unicode char U+0102 (decimal 258)
   defining Unicode char U+0103 (decimal 259)
   defining Unicode char U+0104 (decimal 260)
   defining Unicode char U+0105 (decimal 261)
   defining Unicode char U+0106 (decimal 262)
   defining Unicode char U+0107 (decimal 263)
   defining Unicode char U+010C (decimal 268)
   defining Unicode char U+010D (decimal 269)
   defining Unicode char U+010E (decimal 270)
   defining Unicode char U+010F (decimal 271)
   defining Unicode char U+0110 (decimal 272)
   defining Unicode char U+0111 (decimal 273)
   defining Unicode char U+0118 (decimal 280)
   defining Unicode char U+0119 (decimal 281)
   defining Unicode char U+011A (decimal 282)
   defining Unicode char U+011B (decimal 283)
   defining Unicode char U+011E (decimal 286)
   defining Unicode char U+011F (decimal 287)
   defining Unicode char U+0130 (decimal 304)
   defining Unicode char U+0131 (decimal 305)
   defining Unicode char U+0132 (decimal 306)
   defining Unicode char U+0133 (decimal 307)
   defining Unicode char U+0139 (decimal 313)
   defining Unicode char U+013A (decimal 314)
   defining Unicode char U+013D (decimal 317)
   defining Unicode char U+013E (decimal 318)
   defining Unicode char U+0141 (decimal 321)
   defining Unicode char U+0142 (decimal 322)
   defining Unicode char U+0143 (decimal 323)
   defining Unicode char U+0144 (decimal 324)
   defining Unicode char U+0147 (decimal 327)
   defining Unicode char U+0148 (decimal 328)
   defining Unicode char U+014A (decimal 330)
   defining Unicode char U+014B (decimal 331)
   defining Unicode char U+0150 (decimal 336)
   defining Unicode char U+0151 (decimal 337)
   defining Unicode char U+0152 (decimal 338)
   defining Unicode char U+0153 (decimal 339)
   defining Unicode char U+0154 (decimal 340)
   defining Unicode char U+0155 (decimal 341)
   defining Unicode char U+0158 (decimal 344)
   defining Unicode char U+0159 (decimal 345)
   defining Unicode char U+015A (decimal 346)
   defining Unicode char U+015B (decimal 347)
   defining Unicode char U+015E (decimal 350)
   defining Unicode char U+015F (decimal 351)
   defining Unicode char U+0160 (decimal 352)
   defining Unicode char U+0161 (decimal 353)
   defining Unicode char U+0162 (decimal 354)
   defining Unicode char U+0163 (decimal 355)
   defining Unicode char U+0164 (decimal 356)
   defining Unicode char U+0165 (decimal 357)
   defining Unicode char U+016E (decimal 366)
   defining Unicode char U+016F (decimal 367)
   defining Unicode char U+0170 (decimal 368)
   defining Unicode char U+0171 (decimal 369)
   defining Unicode char U+0178 (decimal 376)
   defining Unicode char U+0179 (decimal 377)
   defining Unicode char U+017A (decimal 378)
   defining Unicode char U+017B (decimal 379)
   defining Unicode char U+017C (decimal 380)
   defining Unicode char U+017D (decimal 381)
   defining Unicode char U+017E (decimal 382)
   defining Unicode char U+200C (decimal 8204)
   defining Unicode char U+2013 (decimal 8211)
   defining Unicode char U+2014 (decimal 8212)
   defining Unicode char U+2018 (decimal 8216)
   defining Unicode char U+2019 (decimal 8217)
   defining Unicode char U+201A (decimal 8218)
   defining Unicode char U+201C (decimal 8220)
   defining Unicode char U+201D (decimal 8221)
   defining Unicode char U+201E (decimal 8222)
   defining Unicode char U+2030 (decimal 8240)
   defining Unicode char U+2031 (decimal 8241)
   defining Unicode char U+2039 (decimal 8249)
   defining Unicode char U+203A (decimal 8250)
   defining Unicode char U+2423 (decimal 9251)
)
Now handling font encoding OT1 ...
... processing UTF-8 mapping file for font encoding OT1

(/usr/local/texlive/2010/texmf-dist/tex/latex/base/ot1enc.dfu
File: ot1enc.dfu 2008/04/05 v1.1m UTF-8 support for inputenc
   defining Unicode char U+00A1 (decimal 161)
   defining Unicode char U+00A3 (decimal 163)
   defining Unicode char U+00B8 (decimal 184)
   defining Unicode char U+00BF (decimal 191)
   defining Unicode char U+00C5 (decimal 197)
   defining Unicode char U+00C6 (decimal 198)
   defining Unicode char U+00D8 (decimal 216)
   defining Unicode char U+00DF (decimal 223)
   defining Unicode char U+00E6 (decimal 230)
   defining Unicode char U+00EC (decimal 236)
   defining Unicode char U+00ED (decimal 237)
   defining Unicode char U+00EE (decimal 238)
   defining Unicode char U+00EF (decimal 239)
   defining Unicode char U+00F8 (decimal 248)
   defining Unicode char U+0131 (decimal 305)
   defining Unicode char U+0141 (decimal 321)
   defining Unicode char U+0142 (decimal 322)
   defining Unicode char U+0152 (decimal 338)
   defining Unicode char U+0153 (decimal 339)
   defining Unicode char U+2013 (decimal 8211)
   defining Unicode char U+2014 (decimal 8212)
   defining Unicode char U+2018 (decimal 8216)
   defining Unicode char U+2019 (decimal 8217)
   defining Unicode char U+201C (decimal 8220)
   defining Unicode char U+201D (decimal 8221)
)
Now handling font encoding OMS ...
... processing UTF-8 mapping file for font encoding OMS

(/usr/local/texlive/2010/texmf-dist/tex/latex/base/omsenc.dfu
File: omsenc.dfu 2008/04/05 v1.1m UTF-8 support for inputenc
   defining Unicode char U+00A7 (decimal 167)
   defining Unicode char U+00B6 (decimal 182)
   defining Unicode char U+00B7 (decimal 183)
   defining Unicode char U+2020 (decimal 8224)
   defining Unicode char U+2021 (decimal 8225)
   defining Unicode char U+2022 (decimal 8226)
)
Now handling font encoding OMX ...
... no UTF-8 mapping file for font encoding OMX
Now handling font encoding U ...
... no UTF-8 mapping file for font encoding U
   defining Unicode char U+00A9 (decimal 169)
   defining Unicode char U+00AA (decimal 170)
   defining Unicode char U+00AE (decimal 174)
   defining Unicode char U+00BA (decimal 186)
   defining Unicode char U+02C6 (decimal 710)
   defining Unicode char U+02DC (decimal 732)
   defining Unicode char U+200C (decimal 8204)
   defining Unicode char U+2026 (decimal 8230)
   defining Unicode char U+2122 (decimal 8482)
   defining Unicode char U+2423 (decimal 9251)
))
(/usr/local/texlive/2010/texmf-dist/tex/latex/graphics/graphicx.sty
Package: graphicx 1999/02/16 v1.0f Enhanced LaTeX Graphics (DPC,SPQR)

(/usr/local/texlive/2010/texmf-dist/tex/latex/graphics/keyval.sty
Package: keyval 1999/03/16 v1.13 key=value parser (DPC)
\KV@toks@=\toks17
)
(/usr/local/texlive/2010/texmf-dist/tex/latex/graphics/graphics.sty
Package: graphics 2009/02/05 v1.0o Standard LaTeX Graphics (DPC,SPQR)

(/usr/local/texlive/2010/texmf-dist/tex/latex/graphics/trig.sty
Package: trig 1999/03/16 v1.09 sin cos tan (DPC)
)
(/usr/local/texlive/2010/texmf-dist/tex/latex/latexconfig/graphics.cfg
File: graphics.cfg 2010/04/23 v1.9 graphics configuration of TeX Live
)
Package graphics Info: Driver file: dvips.def on input line 91.

(/usr/local/texlive/2010/texmf-dist/tex/latex/graphics/dvips.def
File: dvips.def 1999/02/16 v3.0i Driver-dependant file (DPC,SPQR)
))
\Gin@req@height=\dimen104
\Gin@req@width=\dimen105
)
(/usr/local/texlive/2010/texmf-dist/tex/latex/graphics/color.sty
Package: color 2005/11/14 v1.0j Standard LaTeX Color (DPC)

(/usr/local/texlive/2010/texmf-dist/tex/latex/latexconfig/color.cfg
File: color.cfg 2007/01/18 v1.5 color configuration of teTeX/TeXLive
)
Package color Info: Driver file: pdftex.def on input line 130.

(/usr/local/texlive/2010/texmf-dist/tex/latex/pdftex-def/pdftex.def
File: pdftex.def 2010/02/14 v0.04n Graphics/color for pdfTeX
\Gread@gobject=\count91
)
(/usr/local/texlive/2010/texmf-dist/tex/latex/graphics/dvipsnam.def
File: dvipsnam.def 1999/02/16 v3.0i Driver-dependant file (DPC,SPQR)
))
(/usr/local/texlive/2010/texmf-dist/tex/latex/float/float.sty
Package: float 2001/11/08 v1.3d Float enhancements (AL)
\c@float@type=\count92
\float@exts=\toks18
\float@box=\box26
\@float@everytoks=\toks19
\@floatcapt=\box27
)
(/usr/local/texlive/2010/texmf-dist/tex/latex/fancyhdr/fancyhdr.sty
\fancy@headwidth=\skip43
\f@ncyO@elh=\skip44
\f@ncyO@erh=\skip45
\f@ncyO@olh=\skip46
\f@ncyO@orh=\skip47
\f@ncyO@elf=\skip48
\f@ncyO@erf=\skip49
\f@ncyO@olf=\skip50
\f@ncyO@orf=\skip51
)
(/usr/local/texlive/2010/texmf-dist/tex/latex/anysize/anysize.sty
Package: anysize 1994/08/13 setting margin sizes

document style option `anysize' loaded
Michael Salzenberg, Thomas Esser, Dirk Hillbrecht
Version 1.0, Aug 13, 1994
\@Leftmargin=\dimen106
\@Rightmargin=\dimen107
\@Topmargin=\dimen108
\@Bottommargin=\dimen109
) (/usr/local/texlive/2010/texmf-dist/tex/latex/booktabs/booktabs.sty
Package: booktabs 2005/04/14 v1.61803 publication quality tables
\heavyrulewidth=\dimen110
\lightrulewidth=\dimen111
\cmidrulewidth=\dimen112
\belowrulesep=\dimen113
\belowbottomsep=\dimen114
\aboverulesep=\dimen115
\abovetopsep=\dimen116
\cmidrulesep=\dimen117
\cmidrulekern=\dimen118
\defaultaddspace=\dimen119
\@cmidla=\count93
\@cmidlb=\count94
\@aboverulesep=\dimen120
\@belowrulesep=\dimen121
\@thisruleclass=\count95
\@lastruleclass=\count96
\@thisrulewidth=\dimen122
)
(/usr/local/texlive/2010/texmf-dist/tex/latex/rotating/rotating.sty
Package: rotating 2009/03/28 v2.16a rotated objects in LaTeX

(/usr/local/texlive/2010/texmf-dist/tex/latex/base/ifthen.sty
Package: ifthen 2001/05/26 v1.1c Standard LaTeX ifthen package (DPC)
)
\c@r@tfl@t=\count97
\rotFPtop=\skip52
\rotFPbot=\skip53
\rot@float@box=\box28
\rot@mess@toks=\toks20
)
(/usr/local/texlive/2010/texmf-dist/tex/latex/tools/multicol.sty
Package: multicol 2008/12/05 v1.6h multicolumn formatting (FMi)
\c@tracingmulticols=\count98
\mult@box=\box29
\multicol@leftmargin=\dimen123
\c@unbalance=\count99
\c@collectmore=\count100
\doublecol@number=\count101
\multicoltolerance=\count102
\multicolpretolerance=\count103
\full@width=\dimen124
\page@free=\dimen125
\premulticols=\dimen126
\postmulticols=\dimen127
\multicolsep=\skip54
\multicolbaselineskip=\skip55
\partial@page=\box30
\last@line=\box31
\mult@rightbox=\box32
\mult@grightbox=\box33
\mult@gfirstbox=\box34
\mult@firstbox=\box35
\@tempa=\box36
\@tempa=\box37
\@tempa=\box38
\@tempa=\box39
\@tempa=\box40
\@tempa=\box41
\@tempa=\box42
\@tempa=\box43
\@tempa=\box44
\@tempa=\box45
\@tempa=\box46
\@tempa=\box47
\@tempa=\box48
\@tempa=\box49
\@tempa=\box50
\@tempa=\box51
\@tempa=\box52
\c@columnbadness=\count104
\c@finalcolumnbadness=\count105
\last@try=\dimen128
\multicolovershoot=\dimen129
\multicolundershoot=\dimen130
\mult@nat@firstbox=\box53
\colbreak@box=\box54
)
(/usr/local/texlive/2010/texmf-dist/tex/latex/multirow/multirow.sty
\bigstrutjot=\dimen131
)
(/usr/local/texlive/2010/texmf-dist/tex/latex/tools/tabularx.sty
Package: tabularx 1999/01/07 v2.07 `tabularx' package (DPC)

(/usr/local/texlive/2010/texmf-dist/tex/latex/tools/array.sty
Package: array 2008/09/09 v2.4c Tabular extension package (FMi)
\col@sep=\dimen132
\extrarowheight=\dimen133
\NC@list=\toks21
\extratabsurround=\skip56
\backup@length=\skip57
)
\TX@col@width=\dimen134
\TX@old@table=\dimen135
\TX@old@col=\dimen136
\TX@target=\dimen137
\TX@delta=\dimen138
\TX@cols=\count106
\TX@ftn=\toks22
)
(/usr/local/texlive/2010/texmf-dist/tex/latex/gloss/gloss.sty
Package: gloss 2002/07/26 1.5.2 Gloss package
\glosshang=\skip58
) (./book.aux
(./agradecimientos.aux) (./frontmatter_intro.aux) (./cap_010.aux)
(./cap_020.aux

LaTeX Warning: Label `sub:gestion_de_nadadores' multiply defined.


LaTeX Warning: Label `sub:gestion_de_competiciones' multiply defined.


LaTeX Warning: Label `sub:gestion_de_entrenamientos' multiply defined.


LaTeX Warning: Label `fig:interfaz_competiciones_show' multiply defined.


LaTeX Warning: Label `sub:gestion_de_test' multiply defined.

))
\openout1 = `book.aux'.

LaTeX Font Info:    Checking defaults for OML/cmm/m/it on input line 60.
LaTeX Font Info:    ... okay on input line 60.
LaTeX Font Info:    Checking defaults for T1/cmr/m/n on input line 60.
LaTeX Font Info:    ... okay on input line 60.
LaTeX Font Info:    Checking defaults for OT1/cmr/m/n on input line 60.
LaTeX Font Info:    ... okay on input line 60.
LaTeX Font Info:    Checking defaults for OMS/cmsy/m/n on input line 60.
LaTeX Font Info:    ... okay on input line 60.
LaTeX Font Info:    Checking defaults for OMX/cmex/m/n on input line 60.
LaTeX Font Info:    ... okay on input line 60.
LaTeX Font Info:    Checking defaults for U/cmr/m/n on input line 60.
LaTeX Font Info:    ... okay on input line 60.
 (/usr/local/texlive/2010/texmf-dist/tex/generic/oberdiek/pdftexcmds.sty
Package: pdftexcmds 2010/04/01 v0.9 Utility functions of pdfTeX for LuaTeX (HO)


(/usr/local/texlive/2010/texmf-dist/tex/generic/oberdiek/infwarerr.sty
Package: infwarerr 2010/04/08 v1.3 Providing info/warning/message (HO)
)
(/usr/local/texlive/2010/texmf-dist/tex/generic/oberdiek/ifluatex.sty
Package: ifluatex 2010/03/01 v1.3 Provides the ifluatex switch (HO)
Package ifluatex Info: LuaTeX not detected.
)
(/usr/local/texlive/2010/texmf-dist/tex/generic/oberdiek/ltxcmds.sty
Package: ltxcmds 2010/04/26 v1.7 LaTeX kernel commands for general use (HO)
)
Package pdftexcmds Info: LuaTeX not detected.
Package pdftexcmds Info: \pdf@primitive is available.
Package pdftexcmds Info: \pdf@ifprimitive is available.
)
(/usr/local/texlive/2010/texmf-dist/tex/latex/oberdiek/epstopdf-base.sty
Package: epstopdf-base 2010/02/09 v2.5 Base part for package epstopdf

(/usr/local/texlive/2010/texmf-dist/tex/latex/oberdiek/grfext.sty
Package: grfext 2007/09/30 v1.0 Managing graphics extensions (HO)
)
(/usr/local/texlive/2010/texmf-dist/tex/latex/oberdiek/kvoptions.sty
Package: kvoptions 2010/02/22 v3.7 Keyval support for LaTeX options (HO)

(/usr/local/texlive/2010/texmf-dist/tex/generic/oberdiek/kvsetkeys.sty
Package: kvsetkeys 2010/03/01 v1.9 Key value parser (HO)

(/usr/local/texlive/2010/texmf-dist/tex/generic/oberdiek/etexcmds.sty
Package: etexcmds 2010/01/28 v1.3 Prefix for e-TeX command names (HO)
Package etexcmds Info: Could not find \expanded.
(etexcmds)             That can mean that you are not using pdfTeX 1.50 or
(etexcmds)             that some package has redefined \expanded.
(etexcmds)             In the latter case, load this package earlier.
)))
Package epstopdf-base Info: Redefining graphics rule for `.eps' on input line 4
18.
Package grfext Info: Graphics extension search list:
(grfext)             [.png,.pdf,.jpg,.mps,.jpeg,.jbig2,.jb2,.PNG,.PDF,.JPG,.JPE
G,.JBIG2,.JB2,.eps]
(grfext)             \AppendGraphicsExtensions on input line 436.

(/usr/local/texlive/2010/texmf-dist/tex/latex/latexconfig/epstopdf-sys.cfg
File: epstopdf-sys.cfg 2010/07/13 v1.3 Configuration of (r)epstopdf for TeX Liv
e
))
(/usr/local/texlive/2010/texmf-dist/tex/context/base/supp-pdf.mkii
[Loading MPS to PDF converter (version 2006.09.02).]
\scratchcounter=\count107
\scratchdimen=\dimen139
\scratchbox=\box55
\nofMPsegments=\count108
\nofMParguments=\count109
\everyMPshowfont=\toks23
\MPscratchCnt=\count110
\MPscratchDim=\dimen140
\MPnumerator=\count111
\everyMPtoPDFconversion=\toks24
)
LaTeX Font Info:    External font `cmex10' loaded for size
(Font)              <12> on input line 61.
LaTeX Font Info:    External font `cmex10' loaded for size
(Font)              <8> on input line 61.
LaTeX Font Info:    External font `cmex10' loaded for size
(Font)              <6> on input line 61.
 [1


{/usr/local/texlive/2010/texmf-var/fonts/map/pdftex/updmap/pdftex.map}]
\openout2 = `agradecimientos.aux'.


(./agradecimientos.tex) [1

]
\glsf@default=\write3
\openout3 = `book.gls.aux'.

Package gloss Info: Writing gloss file book.gls.aux on input line 69.
 (./book.toc

LaTeX Font Warning: Font shape `OT1/cmr/bx/sc' undefined
(Font)              using `OT1/cmr/bx/n' instead on input line 2.


Package spanish Warning: Replacing `OT1/cmr/bx/sc' by 
(spanish)                faked small caps on input line 2.

LaTeX Font Info:    External font `cmex10' loaded for size
(Font)              <10.95> on input line 4.
[1



])
\tf@toc=\write4
\openout4 = `book.toc'.



Package Fancyhdr Warning: \headheight is too small (12.0pt): 
 Make it at least 14.4521pt.
 We now make it that large for the rest of the document.
 This may cause the page layout to be inconsistent, however.

[2] (./book.lof)
\tf@lof=\write5
\openout5 = `book.lof'.

 [3

] (./book.lot)
\tf@lot=\write6
\openout6 = `book.lot'.

 [4

]
\openout2 = `frontmatter_intro.aux'.

 (./frontmatter_intro.tex [5


]) [6]
\openout2 = `cap_010.aux'.


(./cap_010.tex
Cap\'{\i }tulo 1.
[1




] [2] [3] [4] [5] [6] [7] [8] [9]
LaTeX Font Info:    External font `cmex10' loaded for size
(Font)              <9> on input line 824.
LaTeX Font Info:    External font `cmex10' loaded for size
(Font)              <5> on input line 824.
 [10] [11] [12] [13] [14]

LaTeX Warning: Citation `Fowler96' on page 15 undefined on input line 1275.


LaTeX Warning: Citation `MO95' on page 15 undefined on input line 1275.


Overfull \hbox (1.05922pt too wide) in paragraph at lines 1275--1276
[]\OT1/cmr/m/n/10.95 Un \OT1/cmr/bx/sc/10.95 mo-de-lo del do-mi-nio \OT1/cmr/m/
n/10.95 es una re-pre-sen-ta-ci^^Son de con-cep-tos en un do-mi-nio del problem
a[[]][[]].
 []


LaTeX Warning: Citation `MO95' on page 15 undefined on input line 1284.

Package epstopdf Info: Source file: <./eps/captreq_modelo_dominio.eps>
(epstopdf)                    date: 2011-03-23 18:49:54
(epstopdf)                    size: 350153 bytes
(epstopdf)             Output file: <./eps/captreq_modelo_dominio-eps-converted
-to.pdf>
(epstopdf)                    date: 2011-03-23 18:48:15
(epstopdf)                    size: 52603 bytes
(epstopdf)             Command: <repstopdf --outfile=./eps/captreq_modelo_domin
io-eps-converted-to.pdf ./eps/captreq_modelo_dominio.eps>
(epstopdf)             \includegraphics on input line 1310.
runsystem(repstopdf --outfile=./eps/captreq_modelo_dominio-eps-converted-to.pdf
 ./eps/captreq_modelo_dominio.eps)...executed safely (allowed).

Package epstopdf Info: Result file: <./eps/captreq_modelo_dominio-eps-converted
-to.pdf>
(epstopdf)                    date: 2011-03-23 18:50:04
(epstopdf)                    size: 256000 bytes.

<./eps/captreq_modelo_dominio-eps-converted-to.pdf, id=82, 455.7025pt x 609.276
25pt>
File: ./eps/captreq_modelo_dominio-eps-converted-to.pdf Graphic file (type pdf)

 <use ./eps/captreq_modelo_dominio-eps-converted-to.pdf> [15] [16 <./eps/captre
q_modelo_dominio-eps-converted-to.pdf>] [17]) [18]
\openout2 = `cap_020.aux'.

 (./cap_020.tex
Cap\'{\i }tulo 2.
Package epstopdf Info: Source file: <./eps/1_Inicio.eps>
(epstopdf)                    date: 2011-03-22 20:54:48
(epstopdf)                    size: 264854 bytes
(epstopdf)             Output file: <./eps/1_Inicio-eps-converted-to.pdf>
(epstopdf)                    date: 2011-03-23 18:48:16
(epstopdf)                    size: 164968 bytes
(epstopdf)             Command: <repstopdf --outfile=./eps/1_Inicio-eps-convert
ed-to.pdf ./eps/1_Inicio.eps>
(epstopdf)             \includegraphics on input line 30.
Package epstopdf Info: Output file is already uptodate.
<./eps/1_Inicio-eps-converted-to.pdf, id=101, 341.275pt x 292.09125pt>
File: ./eps/1_Inicio-eps-converted-to.pdf Graphic file (type pdf)

<use ./eps/1_Inicio-eps-converted-to.pdf> [19



 <./eps/1_Inicio-eps-converted-to.pdf>]
Package epstopdf Info: Source file: <./eps/2_Tour.eps>
(epstopdf)                    date: 2011-03-22 20:54:48
(epstopdf)                    size: 303462 bytes
(epstopdf)             Output file: <./eps/2_Tour-eps-converted-to.pdf>
(epstopdf)                    date: 2011-03-23 18:48:17
(epstopdf)                    size: 192690 bytes
(epstopdf)             Command: <repstopdf --outfile=./eps/2_Tour-eps-converted
-to.pdf ./eps/2_Tour.eps>
(epstopdf)             \includegraphics on input line 44.
Package epstopdf Info: Output file is already uptodate.
 <./eps/2_Tour-eps-converted-to.pdf, id=109, 341.275pt x 293.095pt>
File: ./eps/2_Tour-eps-converted-to.pdf Graphic file (type pdf)

<use ./eps/2_Tour-eps-converted-to.pdf>
Package epstopdf Info: Source file: <./eps/3_Contacto.eps>
(epstopdf)                    date: 2011-03-22 20:54:48
(epstopdf)                    size: 263890 bytes
(epstopdf)             Output file: <./eps/3_Contacto-eps-converted-to.pdf>
(epstopdf)                    date: 2011-03-23 18:48:17
(epstopdf)                    size: 167092 bytes
(epstopdf)             Command: <repstopdf --outfile=./eps/3_Contacto-eps-conve
rted-to.pdf ./eps/3_Contacto.eps>
(epstopdf)             \includegraphics on input line 51.
Package epstopdf Info: Output file is already uptodate.

<./eps/3_Contacto-eps-converted-to.pdf, id=110, 341.275pt x 293.095pt>
File: ./eps/3_Contacto-eps-converted-to.pdf Graphic file (type pdf)

<use ./eps/3_Contacto-eps-converted-to.pdf>
Package epstopdf Info: Source file: <./eps/4_Registro.eps>
(epstopdf)                    date: 2011-03-22 20:54:48
(epstopdf)                    size: 152101 bytes
(epstopdf)             Output file: <./eps/4_Registro-eps-converted-to.pdf>
(epstopdf)                    date: 2011-03-23 18:48:18
(epstopdf)                    size: 88095 bytes
(epstopdf)             Command: <repstopdf --outfile=./eps/4_Registro-eps-conve
rted-to.pdf ./eps/4_Registro.eps>
(epstopdf)             \includegraphics on input line 65.
Package epstopdf Info: Output file is already uptodate.

<./eps/4_Registro-eps-converted-to.pdf, id=111, 341.275pt x 293.095pt>
File: ./eps/4_Registro-eps-converted-to.pdf Graphic file (type pdf)

<use ./eps/4_Registro-eps-converted-to.pdf> [20 <./eps/2_Tour-eps-converted-to.
pdf> <./eps/3_Contacto-eps-converted-to.pdf>]
Package epstopdf Info: Source file: <./eps/5_Acceder.eps>
(epstopdf)                    date: 2011-03-22 20:54:48
(epstopdf)                    size: 147701 bytes
(epstopdf)             Output file: <./eps/5_Acceder-eps-converted-to.pdf>
(epstopdf)                    date: 2011-03-23 18:48:19
(epstopdf)                    size: 85927 bytes
(epstopdf)             Command: <repstopdf --outfile=./eps/5_Acceder-eps-conver
ted-to.pdf ./eps/5_Acceder.eps>
(epstopdf)             \includegraphics on input line 72.
Package epstopdf Info: Output file is already uptodate.

<./eps/5_Acceder-eps-converted-to.pdf, id=123, 341.275pt x 293.095pt>
File: ./eps/5_Acceder-eps-converted-to.pdf Graphic file (type pdf)

<use ./eps/5_Acceder-eps-converted-to.pdf>
Package epstopdf Info: Source file: <./eps/6_Dashboard.eps>
(epstopdf)                    date: 2011-03-22 20:54:48
(epstopdf)                    size: 197742 bytes
(epstopdf)             Output file: <./eps/6_Dashboard-eps-converted-to.pdf>
(epstopdf)                    date: 2011-03-23 18:48:19
(epstopdf)                    size: 121702 bytes
(epstopdf)             Command: <repstopdf --outfile=./eps/6_Dashboard-eps-conv
erted-to.pdf ./eps/6_Dashboard.eps>
(epstopdf)             \includegraphics on input line 85.
Package epstopdf Info: Output file is already uptodate.

<./eps/6_Dashboard-eps-converted-to.pdf, id=124, 341.275pt x 293.095pt>
File: ./eps/6_Dashboard-eps-converted-to.pdf Graphic file (type pdf)

<use ./eps/6_Dashboard-eps-converted-to.pdf> [21 <./eps/4_Registro-eps-converte
d-to.pdf> <./eps/5_Acceder-eps-converted-to.pdf>]
Package epstopdf Info: Source file: <./eps/7_Conf_personal.eps>
(epstopdf)                    date: 2011-03-22 20:54:48
(epstopdf)                    size: 207012 bytes
(epstopdf)             Output file: <./eps/7_Conf_personal-eps-converted-to.pdf
>
(epstopdf)                    date: 2011-03-23 18:48:20
(epstopdf)                    size: 127526 bytes
(epstopdf)             Command: <repstopdf --outfile=./eps/7_Conf_personal-eps-
converted-to.pdf ./eps/7_Conf_personal.eps>
(epstopdf)             \includegraphics on input line 99.
Package epstopdf Info: Output file is already uptodate.

<./eps/7_Conf_personal-eps-converted-to.pdf, id=136, 341.275pt x 293.095pt>
File: ./eps/7_Conf_personal-eps-converted-to.pdf Graphic file (type pdf)

<use ./eps/7_Conf_personal-eps-converted-to.pdf>
Package epstopdf Info: Source file: <./eps/8_Conf_contacto.eps>
(epstopdf)                    date: 2011-03-22 20:54:48
(epstopdf)                    size: 240881 bytes
(epstopdf)             Output file: <./eps/8_Conf_contacto-eps-converted-to.pdf
>
(epstopdf)                    date: 2011-03-23 18:48:20
(epstopdf)                    size: 149647 bytes
(epstopdf)             Command: <repstopdf --outfile=./eps/8_Conf_contacto-eps-
converted-to.pdf ./eps/8_Conf_contacto.eps>
(epstopdf)             \includegraphics on input line 106.
Package epstopdf Info: Output file is already uptodate.

<./eps/8_Conf_contacto-eps-converted-to.pdf, id=137, 341.275pt x 293.095pt>
File: ./eps/8_Conf_contacto-eps-converted-to.pdf Graphic file (type pdf)

<use ./eps/8_Conf_contacto-eps-converted-to.pdf> [22 <./eps/6_Dashboard-eps-con
verted-to.pdf> <./eps/7_Conf_personal-eps-converted-to.pdf>]
Package epstopdf Info: Source file: <./eps/9_Conf_mujika.eps>
(epstopdf)                    date: 2011-03-22 20:54:48
(epstopdf)                    size: 216937 bytes
(epstopdf)             Output file: <./eps/9_Conf_mujika-eps-converted-to.pdf>
(epstopdf)                    date: 2011-03-23 18:48:21
(epstopdf)                    size: 133499 bytes
(epstopdf)             Command: <repstopdf --outfile=./eps/9_Conf_mujika-eps-co
nverted-to.pdf ./eps/9_Conf_mujika.eps>
(epstopdf)             \includegraphics on input line 113.
Package epstopdf Info: Output file is already uptodate.

<./eps/9_Conf_mujika-eps-converted-to.pdf, id=149, 341.275pt x 293.095pt>
File: ./eps/9_Conf_mujika-eps-converted-to.pdf Graphic file (type pdf)

<use ./eps/9_Conf_mujika-eps-converted-to.pdf> [23 <./eps/8_Conf_contacto-eps-c
onverted-to.pdf> <./eps/9_Conf_mujika-eps-converted-to.pdf>]
Package epstopdf Info: Source file: <./eps/10_Nadadores.eps>
(epstopdf)                    date: 2011-03-22 20:54:48
(epstopdf)                    size: 224573 bytes
(epstopdf)             Output file: <./eps/10_Nadadores-eps-converted-to.pdf>
(epstopdf)                    date: 2011-03-23 18:48:21
(epstopdf)                    size: 139540 bytes
(epstopdf)             Command: <repstopdf --outfile=./eps/10_Nadadores-eps-con
verted-to.pdf ./eps/10_Nadadores.eps>
(epstopdf)             \includegraphics on input line 138.
Package epstopdf Info: Output file is already uptodate.

<./eps/10_Nadadores-eps-converted-to.pdf, id=162, 341.275pt x 293.095pt>
File: ./eps/10_Nadadores-eps-converted-to.pdf Graphic file (type pdf)

<use ./eps/10_Nadadores-eps-converted-to.pdf>
Package epstopdf Info: Source file: <./eps/11_Nadadores_new.eps>
(epstopdf)                    date: 2011-03-22 20:54:48
(epstopdf)                    size: 215244 bytes
(epstopdf)             Output file: <./eps/11_Nadadores_new-eps-converted-to.pd
f>
(epstopdf)                    date: 2011-03-23 18:48:22
(epstopdf)                    size: 131778 bytes
(epstopdf)             Command: <repstopdf --outfile=./eps/11_Nadadores_new-eps
-converted-to.pdf ./eps/11_Nadadores_new.eps>
(epstopdf)             \includegraphics on input line 145.
Package epstopdf Info: Output file is already uptodate.

<./eps/11_Nadadores_new-eps-converted-to.pdf, id=163, 341.275pt x 293.095pt>
File: ./eps/11_Nadadores_new-eps-converted-to.pdf Graphic file (type pdf)

<use ./eps/11_Nadadores_new-eps-converted-to.pdf>
Package epstopdf Info: Source file: <./eps/12_Nadadores_show.eps>
(epstopdf)                    date: 2011-03-22 20:54:48
(epstopdf)                    size: 265207 bytes
(epstopdf)             Output file: <./eps/12_Nadadores_show-eps-converted-to.p
df>
(epstopdf)                    date: 2011-03-23 18:48:22
(epstopdf)                    size: 169079 bytes
(epstopdf)             Command: <repstopdf --outfile=./eps/12_Nadadores_show-ep
s-converted-to.pdf ./eps/12_Nadadores_show.eps>
(epstopdf)             \includegraphics on input line 152.
Package epstopdf Info: Output file is already uptodate.

<./eps/12_Nadadores_show-eps-converted-to.pdf, id=164, 341.275pt x 293.095pt>
File: ./eps/12_Nadadores_show-eps-converted-to.pdf Graphic file (type pdf)

<use ./eps/12_Nadadores_show-eps-converted-to.pdf> [24 <./eps/10_Nadadores-eps-
converted-to.pdf> <./eps/11_Nadadores_new-eps-converted-to.pdf>]
Package epstopdf Info: Source file: <./eps/13_Nadadores_modif.eps>
(epstopdf)                    date: 2011-03-22 20:54:48
(epstopdf)                    size: 222873 bytes
(epstopdf)             Output file: <./eps/13_Nadadores_modif-eps-converted-to.
pdf>
(epstopdf)                    date: 2011-03-23 18:48:23
(epstopdf)                    size: 136944 bytes
(epstopdf)             Command: <repstopdf --outfile=./eps/13_Nadadores_modif-e
ps-converted-to.pdf ./eps/13_Nadadores_modif.eps>
(epstopdf)             \includegraphics on input line 159.
Package epstopdf Info: Output file is already uptodate.

<./eps/13_Nadadores_modif-eps-converted-to.pdf, id=176, 341.275pt x 293.095pt>
File: ./eps/13_Nadadores_modif-eps-converted-to.pdf Graphic file (type pdf)

<use ./eps/13_Nadadores_modif-eps-converted-to.pdf>
Package epstopdf Info: Source file: <./eps/14_Competiciones.eps>
(epstopdf)                    date: 2011-03-22 20:54:48
(epstopdf)                    size: 232444 bytes
(epstopdf)             Output file: <./eps/14_Competiciones-eps-converted-to.pd
f>
(epstopdf)                    date: 2011-03-23 18:48:23
(epstopdf)                    size: 144247 bytes
(epstopdf)             Command: <repstopdf --outfile=./eps/14_Competiciones-eps
-converted-to.pdf ./eps/14_Competiciones.eps>
(epstopdf)             \includegraphics on input line 172.
Package epstopdf Info: Output file is already uptodate.

<./eps/14_Competiciones-eps-converted-to.pdf, id=177, 341.275pt x 293.095pt>
File: ./eps/14_Competiciones-eps-converted-to.pdf Graphic file (type pdf)

<use ./eps/14_Competiciones-eps-converted-to.pdf> [25 <./eps/12_Nadadores_show-
eps-converted-to.pdf> <./eps/13_Nadadores_modif-eps-converted-to.pdf>]
Package epstopdf Info: Source file: <./eps/15_Competiciones_new.eps>
(epstopdf)                    date: 2011-03-22 20:54:48
(epstopdf)                    size: 238665 bytes
(epstopdf)             Output file: <./eps/15_Competiciones_new-eps-converted-t
o.pdf>
(epstopdf)                    date: 2011-03-23 18:48:24
(epstopdf)                    size: 147748 bytes
(epstopdf)             Command: <repstopdf --outfile=./eps/15_Competiciones_new
-eps-converted-to.pdf ./eps/15_Competiciones_new.eps>
(epstopdf)             \includegraphics on input line 179.
Package epstopdf Info: Output file is already uptodate.

<./eps/15_Competiciones_new-eps-converted-to.pdf, id=189, 341.275pt x 293.095pt
>
File: ./eps/15_Competiciones_new-eps-converted-to.pdf Graphic file (type pdf)
 <use ./eps/15_Competiciones_new-eps-converted-to.pdf>
Package epstopdf Info: Source file: <./eps/16_Competiciones_show.eps>
(epstopdf)                    date: 2011-03-22 20:54:48
(epstopdf)                    size: 232138 bytes
(epstopdf)             Output file: <./eps/16_Competiciones_show-eps-converted-
to.pdf>
(epstopdf)                    date: 2011-03-23 18:48:25
(epstopdf)                    size: 145580 bytes
(epstopdf)             Command: <repstopdf --outfile=./eps/16_Competiciones_sho
w-eps-converted-to.pdf ./eps/16_Competiciones_show.eps>
(epstopdf)             \includegraphics on input line 188.
Package epstopdf Info: Output file is already uptodate.

<./eps/16_Competiciones_show-eps-converted-to.pdf, id=190, 341.275pt x 293.095p
t>
File: ./eps/16_Competiciones_show-eps-converted-to.pdf Graphic file (type pdf)
 <use ./eps/16_Competiciones_show-eps-converted-to.pdf> [26 <./eps/14_Competici
ones-eps-converted-to.pdf> <./eps/15_Competiciones_new-eps-converted-to.pdf>]
Package epstopdf Info: Source file: <./eps/17_Competiciones_modif.eps>
(epstopdf)                    date: 2011-03-22 20:54:48
(epstopdf)                    size: 239703 bytes
(epstopdf)             Output file: <./eps/17_Competiciones_modif-eps-converted
-to.pdf>
(epstopdf)                    date: 2011-03-23 18:48:25
(epstopdf)                    size: 148486 bytes
(epstopdf)             Command: <repstopdf --outfile=./eps/17_Competiciones_mod
if-eps-converted-to.pdf ./eps/17_Competiciones_modif.eps>
(epstopdf)             \includegraphics on input line 195.
Package epstopdf Info: Output file is already uptodate.

<./eps/17_Competiciones_modif-eps-converted-to.pdf, id=202, 341.275pt x 293.095
pt>
File: ./eps/17_Competiciones_modif-eps-converted-to.pdf Graphic file (type pdf)

 <use ./eps/17_Competiciones_modif-eps-converted-to.pdf>
Package epstopdf Info: Source file: <./eps/18_Entrenamientos.eps>
(epstopdf)                    date: 2011-03-22 20:54:48
(epstopdf)                    size: 233541 bytes
(epstopdf)             Output file: <./eps/18_Entrenamientos-eps-converted-to.p
df>
(epstopdf)                    date: 2011-03-23 18:48:26
(epstopdf)                    size: 145560 bytes
(epstopdf)             Command: <repstopdf --outfile=./eps/18_Entrenamientos-ep
s-converted-to.pdf ./eps/18_Entrenamientos.eps>
(epstopdf)             \includegraphics on input line 206.
Package epstopdf Info: Output file is already uptodate.

<./eps/18_Entrenamientos-eps-converted-to.pdf, id=203, 341.275pt x 293.095pt>
File: ./eps/18_Entrenamientos-eps-converted-to.pdf Graphic file (type pdf)

<use ./eps/18_Entrenamientos-eps-converted-to.pdf> [27 <./eps/16_Competiciones_
show-eps-converted-to.pdf> <./eps/17_Competiciones_modif-eps-converted-to.pdf>]

LaTeX Warning: Reference `fig:interfaz_entrenamientos_show' on page 28 undefine
d on input line 211.


Underfull \hbox (badness 10000) in paragraph at lines 211--214

 []

Package epstopdf Info: Source file: <./eps/20_Entrenamientos_show.eps>
(epstopdf)                    date: 2011-03-22 20:54:48
(epstopdf)                    size: 228188 bytes
(epstopdf)             Output file: <./eps/20_Entrenamientos_show-eps-converted
-to.pdf>
(epstopdf)                    date: 2011-03-23 18:48:26
(epstopdf)                    size: 142056 bytes
(epstopdf)             Command: <repstopdf --outfile=./eps/20_Entrenamientos_sh
ow-eps-converted-to.pdf ./eps/20_Entrenamientos_show.eps>
(epstopdf)             \includegraphics on input line 217.
Package epstopdf Info: Output file is already uptodate.

<./eps/20_Entrenamientos_show-eps-converted-to.pdf, id=216, 341.275pt x 293.095
pt>
File: ./eps/20_Entrenamientos_show-eps-converted-to.pdf Graphic file (type pdf)

 <use ./eps/20_Entrenamientos_show-eps-converted-to.pdf>
Package epstopdf Info: Source file: <./eps/19_Entrenamientos_new.eps>
(epstopdf)                    date: 2011-03-22 20:54:48
(epstopdf)                    size: 231917 bytes
(epstopdf)             Output file: <./eps/19_Entrenamientos_new-eps-converted-
to.pdf>
(epstopdf)                    date: 2011-03-23 18:48:27
(epstopdf)                    size: 143113 bytes
(epstopdf)             Command: <repstopdf --outfile=./eps/19_Entrenamientos_ne
w-eps-converted-to.pdf ./eps/19_Entrenamientos_new.eps>
(epstopdf)             \includegraphics on input line 224.
Package epstopdf Info: Output file is already uptodate.

<./eps/19_Entrenamientos_new-eps-converted-to.pdf, id=217, 341.275pt x 293.095p
t>
File: ./eps/19_Entrenamientos_new-eps-converted-to.pdf Graphic file (type pdf)
 <use ./eps/19_Entrenamientos_new-eps-converted-to.pdf> [28 <./eps/18_Entrenami
entos-eps-converted-to.pdf> <./eps/20_Entrenamientos_show-eps-converted-to.pdf>
]
Package epstopdf Info: Source file: <./eps/26_Test.eps>
(epstopdf)                    date: 2011-03-22 20:54:48
(epstopdf)                    size: 212104 bytes
(epstopdf)             Output file: <./eps/26_Test-eps-converted-to.pdf>
(epstopdf)                    date: 2011-03-23 18:48:27
(epstopdf)                    size: 130050 bytes
(epstopdf)             Command: <repstopdf --outfile=./eps/26_Test-eps-converte
d-to.pdf ./eps/26_Test.eps>
(epstopdf)             \includegraphics on input line 238.
Package epstopdf Info: Output file is already uptodate.
 <./eps/26_Test-eps-converted-to.pdf, id=229, 341.275pt x 293.095pt>
File: ./eps/26_Test-eps-converted-to.pdf Graphic file (type pdf)

<use ./eps/26_Test-eps-converted-to.pdf> [29 <./eps/19_Entrenamientos_new-eps-c
onverted-to.pdf> <./eps/26_Test-eps-converted-to.pdf>]
Package epstopdf Info: Source file: <./eps/22_Diario.eps>
(epstopdf)                    date: 2011-03-22 20:54:48
(epstopdf)                    size: 233240 bytes
(epstopdf)             Output file: <./eps/22_Diario-eps-converted-to.pdf>
(epstopdf)                    date: 2011-03-23 18:48:28
(epstopdf)                    size: 145012 bytes
(epstopdf)             Command: <repstopdf --outfile=./eps/22_Diario-eps-conver
ted-to.pdf ./eps/22_Diario.eps>
(epstopdf)             \includegraphics on input line 251.
Package epstopdf Info: Output file is already uptodate.

<./eps/22_Diario-eps-converted-to.pdf, id=242, 341.275pt x 293.095pt>
File: ./eps/22_Diario-eps-converted-to.pdf Graphic file (type pdf)

<use ./eps/22_Diario-eps-converted-to.pdf>
Package epstopdf Info: Source file: <./eps/23_Diario_new.eps>
(epstopdf)                    date: 2011-03-22 20:54:48
(epstopdf)                    size: 198321 bytes
(epstopdf)             Output file: <./eps/23_Diario_new-eps-converted-to.pdf>
(epstopdf)                    date: 2011-03-23 18:48:29
(epstopdf)                    size: 121147 bytes
(epstopdf)             Command: <repstopdf --outfile=./eps/23_Diario_new-eps-co
nverted-to.pdf ./eps/23_Diario_new.eps>
(epstopdf)             \includegraphics on input line 258.
Package epstopdf Info: Output file is already uptodate.

<./eps/23_Diario_new-eps-converted-to.pdf, id=243, 341.275pt x 293.095pt>
File: ./eps/23_Diario_new-eps-converted-to.pdf Graphic file (type pdf)

<use ./eps/23_Diario_new-eps-converted-to.pdf>
Package epstopdf Info: Source file: <./eps/24_Diario_show.eps>
(epstopdf)                    date: 2011-03-22 20:54:48
(epstopdf)                    size: 215560 bytes
(epstopdf)             Output file: <./eps/24_Diario_show-eps-converted-to.pdf>

(epstopdf)                    date: 2011-03-23 18:48:29
(epstopdf)                    size: 133334 bytes
(epstopdf)             Command: <repstopdf --outfile=./eps/24_Diario_show-eps-c
onverted-to.pdf ./eps/24_Diario_show.eps>
(epstopdf)             \includegraphics on input line 265.
Package epstopdf Info: Output file is already uptodate.

<./eps/24_Diario_show-eps-converted-to.pdf, id=244, 341.275pt x 293.095pt>
File: ./eps/24_Diario_show-eps-converted-to.pdf Graphic file (type pdf)

<use ./eps/24_Diario_show-eps-converted-to.pdf> [30 <./eps/22_Diario-eps-conver
ted-to.pdf> <./eps/23_Diario_new-eps-converted-to.pdf>]
Package epstopdf Info: Source file: <./eps/25_Diario_modif.eps>
(epstopdf)                    date: 2011-03-22 20:54:48
(epstopdf)                    size: 212708 bytes
(epstopdf)             Output file: <./eps/25_Diario_modif-eps-converted-to.pdf
>
(epstopdf)                    date: 2011-03-23 18:48:30
(epstopdf)                    size: 130525 bytes
(epstopdf)             Command: <repstopdf --outfile=./eps/25_Diario_modif-eps-
converted-to.pdf ./eps/25_Diario_modif.eps>
(epstopdf)             \includegraphics on input line 272.
Package epstopdf Info: Output file is already uptodate.

<./eps/25_Diario_modif-eps-converted-to.pdf, id=256, 341.275pt x 293.095pt>
File: ./eps/25_Diario_modif-eps-converted-to.pdf Graphic file (type pdf)

<use ./eps/25_Diario_modif-eps-converted-to.pdf>) [31 <./eps/24_Diario_show-eps
-converted-to.pdf> <./eps/25_Diario_modif-eps-converted-to.pdf>]
\glsf@default=\write7
\openout7 = `book.gls.aux'.

Package gloss Info: Writing gloss file book.gls.aux on input line 87.


Package gloss Warning: Term `*' on page 32 not defined in glossary `default' on
 input line 88.

(./book.gls.bbl [32


]

./book.gls.bbl:101: Package inputenc Error: Unicode char \u8:Ã\@@par not set up
 for use with LaTeX.

See the inputenc package documentation for explanation.
Type  H <return>  for immediate help.
 ...                                              
                                                  
l.101 \glossheading{Ã}
                      
Your command was ignored.
Type  I <command> <return>  to replace it with another command,
or  <return>  to continue without it.

)
No file book.bbl.
[33] (./book.aux (./agradecimientos.aux) (./frontmatter_intro.aux)
(./cap_010.aux) (./cap_020.aux))

LaTeX Font Warning: Some font shapes were not available, defaults substituted.


LaTeX Warning: There were undefined references.


LaTeX Warning: There were multiply-defined labels.

 ) 
Here is how much of TeX's memory you used:
 3394 strings out of 493747
 49805 string characters out of 3143546
 114510 words of memory out of 3000000
 6550 multiletter control sequences out of 15000+200000
 13142 words of font info for 45 fonts, out of 3000000 for 9000
 714 hyphenation exceptions out of 8191
 38i,13n,43p,1011b,404s stack positions out of 5000i,500n,10000p,200000b,50000s
</usr/local/texlive/2010/texmf-dist/fonts/type1/public/amsfonts/cm/cmbx10.pfb
></usr/local/texlive/2010/texmf-dist/fonts/type1/public/amsfonts/cm/cmbx12.pfb>
</usr/local/texlive/2010/texmf-dist/fonts/type1/public/amsfonts/cm/cmbx8.pfb></
usr/local/texlive/2010/texmf-dist/fonts/type1/public/amsfonts/cm/cmcsc10.pfb></
usr/local/texlive/2010/texmf-dist/fonts/type1/public/amsfonts/cm/cmr10.pfb></us
r/local/texlive/2010/texmf-dist/fonts/type1/public/amsfonts/cm/cmr12.pfb></usr/
local/texlive/2010/texmf-dist/fonts/type1/public/amsfonts/cm/cmr6.pfb></usr/loc
al/texlive/2010/texmf-dist/fonts/type1/public/amsfonts/cm/cmr8.pfb></usr/local/
texlive/2010/texmf-dist/fonts/type1/public/amsfonts/cm/cmr9.pfb></usr/local/tex
live/2010/texmf-dist/fonts/type1/public/amsfonts/cm/cmssbx10.pfb></usr/local/te
xlive/2010/texmf-dist/fonts/type1/public/amsfonts/cm/cmti10.pfb></usr/local/tex
live/2010/texmf-dist/fonts/type1/public/amsfonts/cm/cmti9.pfb>
Output written on book.pdf (41 pages, 3904620 bytes).
PDF statistics:
 316 PDF objects out of 1000 (max. 8388607)
 181 compressed objects within 2 object streams
 0 named destinations out of 1000 (max. 500000)
 131 words of extra memory for PDF output out of 10000 (max. 10000000)

